999999999999999 Case #1:
1450475521 11 2 5 13 7 2 3 2 3 
1450475531 3019 13 29 2 5 3 7 1553 43 
1450475621 7 7 7 5 5 3 7 7 2 
1450475631 3 2 3 2 7 2 3 2 2 
1450476521 13 5 593 2 5 3 5 1097 7 
1450476531 3 2 3 7 19 2 1471 2 163 
1450476621 3 2 3 2 7 2 3 2 2 
1450485531 3 2 3 149 7 2 3 2 2657 
1450485621 3 2 3 2 547 2 59 2 2 
1450485631 7 7 13 5 11 11 431 4937 2 
1450486521 3 2 3 31 7 2 3 2 3607 
1450486631 11 2 5 2 7 2 3 2 2 
1450575531 3 2 3 11 13 2 3253 2 67 
1450575621 3 2 3 2 7 2 3 2 2 
1450576631 7 2 7 2 2161 2 5 2 2 
1450585631 11 2 5 2 7 2 3 2 2 
1450586621 11 2 5 2 7 2 3 2 2 
1450586631 3 167 3 5 137 31 31 101 2 
1451475621 3 2 3 11 1979 2 11 2 2 
1451476521 3 2 3 2 7 2 3 2 61 
1451476631 11 2 5 1117 7 2 3 2 2 
1451485521 3 2 3 2 13 2 113 2 17 
1451486621 13 2 587 7 2221 2 13 2 2 
1451575521 3 2 3 2 7 2 3 2 7 
1451575631 11 2 5 7 7 2 3 2 2 
1451576621 11 2 5 271 7 2 3 2 2 
1451576631 3 107 3 2 1933 1297 19 37 2 
1451585531 11 2 5 2 7 2 3 2 7 
1451586521 7 2 5 2 7 2 3 2 443 
1460475521 43 5 23 2 5 3 5 61 1811 
1460475531 3 2 3 13 23 2 2857 2 7 
1460475621 3 2 3 2 7 2 3 2 2 
1460476521 3 2 3 7 101 2 787 2 23 
1460485631 11 2 5 2 7 2 3 2 2 
1460486621 11 2 5 2 7 2 3 2 2 
1460486631 3 5 3 5 113 971 5 7 2 
1460575521 3 2 3 13 11 2 11 2 29 
1460576531 19 2 11 3 17 2 19 2 12409 
1460576621 7 2 7 2 2659 2 13 2 2 
1460585621 11 2 5 2 7 2 3 2 2 
1460585631 3 23 3 5 13 227 19 17 2 
1460586621 3 5 3 5 17 11 5 167 2 
1460586631 7 2 13 2 5 2 283 2 2 
1461476621 11 2 5 379 7 2 3 2 2 
1461485531 11 2 5 2 7 2 3 2 23 
1461486521 11 2 5 2 7 2 3 2 19 
1461486621 3 7 3 2 367 37 43 13 2 
1461486631 11 2 5 17 5 2 3 2 2 
1461575621 11 2 5 7 7 2 3 2 2 
1461576531 3 163 3 3 23 13 3 13 2083 
