Case #1:
GCJ
GCJ
GCJ
Case #2:
CODE
JJAM
JJAM
Case #3:
CA
KE
Case #4:
?DC
FEA
BBB
BBB
Case #5:
CCB
CCD
EGA
EHF
Case #6:
ACB
AAE
DDF
DDF
Case #7:
BA
Case #8:
?BHC
EGHC
AFDC
Case #9:
DAAA
DDBB
DDFC
Case #10:
GAFB
DACE
DDFD
Case #11:
A
?
B
?
C
?
D
?
E
?
F
?
Case #12:
DBAE
DBCC
DDFF
Case #13:
JDBE
JFCI
JHAG
Case #14:
A?
Case #15:
ADE
BBE
CDE
Case #16:
AIG
ECG
HDG
FB?
Case #17:
?DE
ACF
BBB
BBB
Case #18:
?CFB
EHIJ
?GAD
Case #19:
B
A
Case #20:
DC
EC
EB
BB
BB
EA
Case #21:
JDCK
HGIE
BFLA
Case #22:
EFB
GDA
BDC
BBC
Case #23:
GGBA
GGFE
BBDC
Case #24:
BA?
Case #25:
BAD
CEF
Case #26:
HAI
JEC
BDF
KG?
Case #27:
?AB
GCB
DEB
?F?
Case #28:
CB
DA
Case #29:
AED
BED
CEF
CBF
Case #30:
ABDC
CEEF
CBFF
Case #31:
ABCC
CBCC
CBCC
Case #32:
ABC
DDF
CBF
Case #33:
ADC
ADC
ABC
?EE
Case #34:
BCC
FCD
EDD
ABD
Case #35:
DCAB
DCAB
ACDE
Case #36:
ACB
CCB
Case #37:
ACDE
BCDE
BBDF
Case #38:
AA
AA
BB
BB
Case #39:
FKHJ
EBCD
GIA?
Case #40:
AD?
AAF
ACE
BCC
Case #41:
AABB
AAEC
Case #42:
EAH
EAG
EDF
?BC
Case #43:
EA
EB
Case #44:
EBA
EBA
Case #45:
IDG
EJB
HFC
HHA
Case #46:
CDB
AGF
BEB
BBB
Case #47:
BAD
CEB
Case #48:
?AE
DCB
Case #49:
AID
ACG
AJB
FHE
Case #50:
ABCD
ABCD
ABCD
Case #51:
ACBC
AEDC
AHHC
Case #52:
FCHE
IGJK
DBAL
Case #53:
CCJJ
CCJC
FHEC
Case #54:
EADD
CDDD
BHED
Case #55:
AEB
CED
BED
BEF
Case #56:
D?EB
CFGH
IAFH
Case #57:
BEA
FAA
FAA
DCC
Case #58:
?EF
CCF
ADF
BDD
Case #59:
A?
?B
C?
?D
E?
?F
Case #60:
ABCD
ABCD
ADDC
Case #61:
A
Case #62:
A
?
Case #63:
BEDC
AEDC
AEDC
Case #64:
BC?E
BADC
BADC
Case #65:
A?B?C?
?D?E?F
Case #66:
A?B
?C?
D?E
?F?
Case #67:
BABC
BBBC
CCFC
Case #68:
AC
?B
Case #69:
DBCE
ABCE
EFCC
Case #70:
EEDB
EECA
EEAA
Case #71:
A?B?C?D?E?F?
Case #72:
