Case #1: 3 4 6 
Case #2: 37 38 39 40 41 42 43 
Case #3: 1 1 1 1 1 1 1 1 1 1 
Case #4: 5 6 7 8 
Case #5: 15 18 20 22 25 27 29 30 32 34 
Case #6: 24 27 31 33 35 40 44 45 
Case #7: 3 23 
Case #8: 4 5 6 
Case #9: 1 1 
Case #10: 47 49 52 54 56 57 59 61 63 65 
Case #11: 15 19 25 26 30 34 
Case #12: 19 23 24 27 32 37 
Case #13: 8 9 10 11 12 13 14 
Case #14: 10 14 17 20 22 25 
Case #15: 56 85 108 131 153 156 193 
Case #16: 23 26 31 32 35 39 41 43 45 47 
Case #17: 82 83 84 85 86 87 88 89 90 91 
Case #18: 1 1 1 1 1 1 1 1 
Case #19: 2 4 
Case #20: 15 21 26 32 33 39 
Case #21: 1 1 
Case #22: 1 1 
Case #23: 8 10 12 13 14 
Case #24: 1 1 1 1 1 1 1 
Case #25: 8 11 13 14 
Case #26: 10 11 12 13 14 15 16 17 18 19 
Case #27: 7 12 16 19 21 22 34 
Case #28: 5 7 9 
Case #29: 17 19 21 24 25 28 29 30 31 33 
Case #30: 1 1 1 1 
Case #31: 127 139 163 202 208 243 250 273 287 308 
Case #32: 7 11 15 17 
Case #33: 10 11 12 13 
Case #34: 3 4 5 
Case #35: 10 12 15 18 21 22 23 
Case #36: 1 1 1 
Case #37: 18 19 21 23 27 29 30 33 34 36 
Case #38: 1 1 
Case #39: 1 1 1 1 1 1 
Case #40: 6 8 10 11 
Case #41: 9 13 19 
Case #42: 21 24 30 35 37 38 44 46 49 51 
Case #43: 8 11 14 16 18 
Case #44: 1 1 
Case #45: 5 8 11 
Case #46: 26 44 62 84 
Case #47: 1 1 1 1 
Case #48: 1 1 
Case #49: 3 4 
Case #50: 1 1 1 
