Case #1: BACDEFGHIJKLMNOPQRSTUVWXYZ
Case #2: IMPOSSIBLE
Case #3: QABCDEFGHIJKLMNOPRSTUVWXYZ
Case #4: LVABCDEFGHIJKMNOPQRSTUWXYZ
Case #5: IMPOSSIBLE
Case #6: KIABCDEFGHJLMNOPQRSTUVWXYZ
Case #7: QXABCDEFGHIJKLMNOPRSTUVWYZ
Case #8: OJABCDEFGHIKLMNPQRSTUVWXYZ
Case #9: JUABCDEFGHIKLMNOPQRSTVWXYZ
Case #10: QJABCDEFGHIKLMNOPRSTUVWXYZ
Case #11: JPABCDEFGHIKLMNOQRSTUVWXYZ
Case #12: KJABCDEFGHILMNOPQRSTUVWXYZ
Case #13: JABCDEFGHIKLMNOPQRSTUVWXYZ
Case #14: VJABCDEFGHIKLMNOPQRSTUWXYZ
Case #15: OUABCDEFGHIJKLMNPQRSTVWXYZ
Case #16: BZACDEFGHIJKLMNOPQRSTUVWXY
Case #17: XRABCDEFGHIJKLMNOPQSTUVWYZ
Case #18: OVABCDEFGHIJKLMNPQRSTUWXYZ
Case #19: PLABCDEFGHIJKMNOQRSTUVWXYZ
Case #20: KPABCDEFGHIJLMNOQRSTUVWXYZ
Case #21: BJACDEFGHIKLMNOPQRSTUVWXYZ
Case #22: DJABCEFGHIKLMNOPQRSTUVWXYZ
Case #23: LJABCDEFGHIKMNOPQRSTUVWXYZ
Case #24: ECABDFGHIJKLMNOPQRSTUVWXYZ
Case #25: ICABDEFGHJKLMNOPQRSTUVWXYZ
Case #26: JABCDEFGHIKLMNOPQRSTUVWXYZ
Case #27: JRABCDEFGHIKLMNOPQSTUVWXYZ
Case #28: JQABCDEFGHIKLMNOPRSTUVWXYZ
Case #29: JLABCDEFGHIKMNOPQRSTUVWXYZ
Case #30: URABCDEFGHIJKLMNOPQSTVWXYZ
Case #31: JWABCDEFGHIKLMNOPQRSTUVXYZ
Case #32: IJABCDEFGHKLMNOPQRSTUVWXYZ
Case #33: PRABCDEFGHIJKLMNOQSTUVWXYZ
Case #34: CJABDEFGHIKLMNOPQRSTUVWXYZ
Case #35: ZABCDEFGHIJKLMNOPQRSTUVWXY
Case #36: JNABCDEFGHIKLMOPQRSTUVWXYZ
Case #37: NJABCDEFGHIKLMOPQRSTUVWXYZ
Case #38: JOABCDEFGHIKLMNPQRSTUVWXYZ
Case #39: JYABCDEFGHIKLMNOPQRSTUVWXZ
Case #40: SABCDEFGHIJKLMNOPQRTUVWXYZ
Case #41: RJABCDEFGHIKLMNOPQSTUVWXYZ
Case #42: AIBCDEFGHJKLMNOPQRSTUVWXYZ
Case #43: JTABCDEFGHIKLMNOPQRSUVWXYZ
Case #44: BJACDEFGHIKLMNOPQRSTUVWXYZ
Case #45: KSABCDEFGHIJLMNOPQRTUVWXYZ
Case #46: JHABCDEFGIKLMNOPQRSTUVWXYZ
Case #47: CLABDEFGHIJKMNOPQRSTUVWXYZ
Case #48: ELABCDFGHIJKMNOPQRSTUVWXYZ
Case #49: DQABCEFGHIJKLMNOPRSTUVWXYZ
Case #50: JZABCDEFGHIKLMNOPQRSTUVWXY
Case #51: NVABCDEFGHIJKLMOPQRSTUWXYZ
Case #52: UJABCDEFGHIKLMNOPQRSTVWXYZ
Case #53: JCABDEFGHIKLMNOPQRSTUVWXYZ
Case #54: JVABCDEFGHIKLMNOPQRSTUWXYZ
Case #55: JGABCDEFHIKLMNOPQRSTUVWXYZ
Case #56: JMABCDEFGHIKLNOPQRSTUVWXYZ
Case #57: MJABCDEFGHIKLNOPQRSTUVWXYZ
Case #58: WJABCDEFGHIKLMNOPQRSTUVXYZ
Case #59: XYABCDEFGHIJKLMNOPQRSTUVWZ
Case #60: HDABCEFGIJKLMNOPQRSTUVWXYZ
Case #61: HBACDEFGIJKLMNOPQRSTUVWXYZ
Case #62: JXABCDEFGHIKLMNOPQRSTUVWYZ
Case #63: ABCDEFGHIJKLMNOPQRSTUVWXYZ
Case #64: KFABCDEGHIJLMNOPQRSTUVWXYZ
Case #65: QNABCDEFGHIJKLMOPRSTUVWXYZ
Case #66: PJABCDEFGHIKLMNOQRSTUVWXYZ
Case #67: YOABCDEFGHIJKLMNPQRSTUVWXZ
Case #68: TJABCDEFGHIKLMNOPQRSUVWXYZ
Case #69: AJBCDEFGHIKLMNOPQRSTUVWXYZ
Case #70: JSABCDEFGHIKLMNOPQRTUVWXYZ
Case #71: JFABCDEGHIKLMNOPQRSTUVWXYZ
Case #72: TIABCDEFGHJKLMNOPQRSUVWXYZ
Case #73: JEABCDFGHIKLMNOPQRSTUVWXYZ
Case #74: JDABCEFGHIKLMNOPQRSTUVWXYZ
Case #75: DVABCEFGHIJKLMNOPQRSTUWXYZ
Case #76: WPABCDEFGHIJKLMNOQRSTUVXYZ
Case #77: MIABCDEFGHJKLNOPQRSTUVWXYZ
Case #78: BXACDEFGHIJKLMNOPQRSTUVWYZ
Case #79: HJABCDEFGIKLMNOPQRSTUVWXYZ
Case #80: TKABCDEFGHIJLMNOPQRSUVWXYZ
Case #81: ULABCDEFGHIJKMNOPQRSTVWXYZ
Case #82: JIABCDEFGHKLMNOPQRSTUVWXYZ
Case #83: OVABCDEFGHIJKLMNPQRSTUWXYZ
Case #84: YJABCDEFGHIKLMNOPQRSTUVWXZ
Case #85: IMPOSSIBLE
Case #86: WJABCDEFGHIKLMNOPQRSTUVXYZ
Case #87: XJABCDEFGHIKLMNOPQRSTUVWYZ
Case #88: FJABCDEGHIKLMNOPQRSTUVWXYZ
Case #89: LSABCDEFGHIJKMNOPQRTUVWXYZ
Case #90: DXABCEFGHIJKLMNOPQRSTUVWYZ
Case #91: JKABCDEFGHILMNOPQRSTUVWXYZ
Case #92: HMABCDEFGIJKLNOPQRSTUVWXYZ
Case #93: CDABEFGHIJKLMNOPQRSTUVWXYZ
Case #94: JBACDEFGHIKLMNOPQRSTUVWXYZ
Case #95: ZJABCDEFGHIKLMNOPQRSTUVWXY
Case #96: GJABCDEFHIKLMNOPQRSTUVWXYZ
Case #97: ASBCDEFGHIJKLMNOPQRTUVWXYZ
Case #98: SJABCDEFGHIKLMNOPQRTUVWXYZ
Case #99: EJABCDFGHIKLMNOPQRSTUVWXYZ
Case #100: XYABCDEFGHIJKLMNOPQRSTUVWZ
