3366
211 211
2819 2819
1336 1336
220 220
751 751
1130 1130
1536 1536
1557 1557
0 0
1070 1070
0 0
2629 2629
2923 2923
2157 2157
0 0
1254 1254
2430 2430
144 144
569 569
1841 1841
1391 1391
1560 1560
739 739
15 15
2921 2921
3320 3320
1070 1070
2832 2832
3112 3112
2688 2688
1703 1703
0 0
3222 3222
1506 1506
1185 1185
2157 2157
2688 2688
826 826
220 220
1391 1391
111 111
3356 3356
1070 1070
144 144
1978 1978
144 144
1560 1560
305 305
807 807
2591 2591
1811 1811
2342 2342
410 410
569 569
1000 1000
1978 1978
305 305
55 55
1841 1841
1847 1847
2466 2466
2688 2688
2606 2606
2629 2629
1557 1557
396 396
