Case #1: 25 24
Case #2: 12 12
Case #3: 12 11
Case #4: 6 5
Case #5: 6 5
Case #6: 6 5
Case #7: 5 5
Case #8: 3 2
Case #9: 3 2
Case #10: 3 2
Case #11: 2 2
Case #12: 2 2
Case #13: 2 2
Case #14: 2 2
Case #15: 2 2
Case #16: 1 1
Case #17: 1 1
Case #18: 1 1
Case #19: 1 0
Case #20: 1 0
Case #21: 1 0
Case #22: 1 0
Case #23: 1 0
Case #24: 1 0
Case #25: 1 0
Case #26: 1 0
Case #27: 1 0
Case #28: 1 0
Case #29: 1 0
Case #30: 0 0
Case #31: 0 0
Case #32: 0 0
Case #33: 0 0
Case #34: 0 0
Case #35: 0 0
Case #36: 0 0
Case #37: 0 0
Case #38: 0 0
Case #39: 0 0
Case #40: 0 0
Case #41: 0 0
Case #42: 0 0
Case #43: 0 0
Case #44: 0 0
Case #45: 0 0
Case #46: 0 0
Case #47: 0 0
Case #48: 0 0
Case #49: 0 0
Case #50: 0 0
