2 2 2 9999
5 3 2 0
9 4 2 0
14 5 2 0
10 5 2 0
6 4 2 0
11 5 2 0
7 5 2 0
3 3 3 9999
7 4 3 0
12 5 3 0
8 5 3 0
4 4 4 9999
9 5 4 0
5 5 5 0
-1 0 0 0 0 0 0 
1 1 1 9999
3 2 1 9999
6 3 1 0
12 6 1 0
20 8 1 0
14 8 1 0
9 6 1 0
17 8 1 0
11 8 1 0
4 3 1 9999
10 6 1 0
18 8 1 0
12 8 1 0
7 6 1 0
15 8 1 0
9 8 1 0
2 2 2 9999
5 3 2 9999
11 6 2 0
19 8 2 0
13 8 2 0
8 6 2 0
16 8 2 0
10 8 2 0
3 3 3 1
9 6 3 0
17 8 3 0
11 8 3 0
6 6 6 0
14 8 6 0
8 8 8 0
0 0 0 2 1 0 0 0 0 0 0 0 0 0 0 
