-1
43
-1
-1
43
-1
-1
-1
43
-1
-1
16
43
43
43
75
100
43
-1
43
100
-1
16
-1
-1
-1
-1
-1
-1
30
13
-1
30
13
30
43
-1
100
-1
95
100
43
43
95
43
-1
100
43
43
43
-1
-1
100
-1
95
43
43
43
32
32
32
-1
43
43
-1
95
-1
32
16
-1
43
-1
-1
32
43
43
38
32
-1
32
-1
32
13
-1
-1
-1
-1
13
32
-1
13
-1
32
32
-1
-1
13
13
32
32
-1
32
32
32
-1
75
32
-1
-1
32
13
-1
13
13
-1
-1
-1
32
-1
-1
-1
37
-1
-1
66
-1
