mihaela.crupa
georgianadranca
qwerafa
denisa_burlacu2001
alepascaa
prichinet.george
gabibuca
daniiix11
alexandradonisan
vladdraghici_
roxicristurean
andre_razvan
dbdbelvis
antonia.grosan
amaliaachirita
ioana.joj
galanflorind
sebastiancoteanu
catapopa8
hic31
alexcernov
celinigabriel
andaraucescu
nabuzuaiter
aleexandradima
dodudeliaioana
dianaburceanu
stefania_palade
gabrielaalexandraaaa
larisa.merian
fabyanafabi
fabyanafabi
elavinia00
karineelias55
veekem
stefnpq
biancaeln
biancandreea17
cobzariugeorgiana
ovidiuandreifrasin
geosbarcea
lxndrpalade
alexandraelena18
diana_baciu
didi_ioan
raluxx1
elenacatalina.o
mafteialecs2
florin.andrei97
john_gymno1
tanya_ivaylova77
vladgocan
loriiii31
danut.topciu
alexandraalarisa
dianaflorinaa
elenaalesandraa
danutgavrus
victoreanu
adelinne.ade
ralucaand
raluuuucaa
alexandragabureanu
ioanagavrila
jstbl
ndndmnsjdj
valex0772
anisia.ioana
adelinaa.teodora
ali.rdrd
george.ppsq
lorenaapp
stefania.apostolescu
liviaa_pt
ellenacd
danielclosca
danutvr
georgiananita1
malinachifane
iulian.leahu98
alinpatrichi
denis.danezu
denis.danezu
moruzalice2005
alexandrugn
madalina.ifrim
florin_daniel22
ariana.mihailescu
mirunaaflorina
andreeaaamalina
clauumara
mitreamaria
dani_bobocea
dianaapop15
andre1.vlad
bettina95simon
laviniaciupe
chioreano
mihai.petrea
alexgherghin
andrei__moraru
lili.pirv
mirunabetianu
adi.and
camiciorbea
ciprian_muresan
teoolupu
licurici_lucian
andreea_.6_and
ic0nputa
petrar.andreea
snap:andree_dre98
alexiabrgn
adadenisa
adinabt2
iustina_24
madalinabnc
andreea.cantaragiu
u.teodor
grosu.andreeea
my_life_1989
eusebiu0810
anghelinapatricia
andreimnd
delialeexandra
stiridebacau
annaa_b94
razvi.razvan12
mirunabaisan
munteanutudor1
andreihmp23
iftimediana
razvanpetreanu97
dediubianca
maraa_ioanaa
alexandracurbat
miakhalifakhalifa
ralukaioana13
ralu
nicoletapalcau
madalinaandreia
claudiadamoc15
balabanbianca
vladpopa
alexandra_elena9
iordachegabi
ancatm
allexandraac
soranaaam
teodora_pavel
teooo22
georgianacupas
silviusalexandru
roxana.carmen.16
ioana.andrei.98
cristinadalexandra
amalia.dnl
nita.andreea.37
ralucanton
miruna.elena98
spulberalin
o.andreea99
stefan_codrin
stoianalx
a.lupu
vladviscreanu21
ccristianaelena
gabrielstef22
prisecaru.diana
dutupaul
iuliarenciu
cristearares
andreeatoma23
diana_comorasu
alicecomaneci
carinaazh19
aly.alinaa
patriiiiciab
mariuspetrut7
adelinaateodoraa
despree_viata
dianagtoma
iasminasr
razvann_popovici
cipriansky
geannnnnninnnnna
anna_calin
georgianadrilea
m_aaalex
blinddatewithabook2
stefania.rosu
radugvr
raughten0606
biaaancaaaaaaa
prestigepromoterz
victoria_moody33
abeatriizoliveira
luke.homann
krupniknatali
cum5queen
smfa._
m_mariana01
majid_halaiqa
allphafitness
victorsanchez809
mouhssine_ai
biz_s_0_business_vip
lilmissmelissaann
geraldine233
brandonlymusicc
cars07cars
feihuaa123
sirhk17
southernceo
mg23130
lol____v_____lol_lol
nazar_kop
my.bodystrong
n.uzlv
jet_setterrz
gevor27
dylan.saathoff
girlogic
fashion_2596
team_rufus
gospolis
adela_valentina
alice___mateiu
alina.filip
roxanaalbei
needdd
stefii_teo
ionesccu_cosmin
oiegarema
sandugabriel86
alinaxxsz
alecsmaftei
cosminpetreanu
ioanaamonicaa
catalina.cati
alesiaamariaa
alexailincai2015
ionut.catalin3
moldoveanull
enachepatricia
mirunachiper
catalin.iordache98
tabii.23
i_tshirts
name0233
kidtuning
mihaelaamt
andreeaapr
texts_citate
huiban.mihai
emaaens
teooflorina
ziaristuul
bianca.nicoleta98
maria_nechita
andrei.farmatu
albertedward58
popaioana56
iulian_draghici
madalina.nicolau
ergullet
denisaalupu
ionut_ionut35
polghmartin
dragosgrp
iulia.cimpanu
biancag.b
fasahat_beauty
chiriacramona
ioanaaacatalina
razvandodita
liviarodoet
cu_dinh
han
budau.diana.1
iuliamariaaa
nmihai2598
danielamnv
rey7.andrei
paulovskymihaela
paula
geea27
ancadragoi
chirita.bogdan
biancadarweich
ioana_venetia
bogdann.rot
mirunacarlan
marapaduraru
caramalau_anca
cara💓
pasattudor
iulianstefandraghici20
iulian
sarapopa
nedelcovicicristian
sergiucostin
pascumihnea
victoraj0
mirunababiuc
patriciafilip19
georgebojescu
annamariadnc
bianca.elena123
vrobertandrei
codringvrr
andreiand13
medeeaghiurcanas
gergule
bogdanamih
iustinaa3
rotarudorinel
razvanflorinnn
raluca_9515
calinlm
ghimpumircea
bogdansolomonn
inan.98
postolache_tiberiu
adi_crs
saransabina98
biancaelena.vrabie
alissacatalina
adina.mariana9
marianmariut
madalynamada750
luizaaa.c
marioionita
mario
georgianaraluca566
larisa_isabela
lawiniaa
dianapetronelaa
amaliuc
dd_mihnea
gabygabriel3150
cristeabogdan
davyd3scu
nicuach
costinaojog
madaaaa1155
stefanachiper
karinavoidoc
kiddogeo
349